<?xml version="1.0" encoding="UTF-8"?>
<!-- Generated by org.testng.reporters.JUnitReportReporter -->
<testsuite hostname="badanekai" name="RestService.Test1" tests="1" failures="0" timestamp="28 Aug 2015 20:08:01 GMT" time="2.868" errors="0">
  <testcase name="test" time="2.868" classname="RestService.Test1"/>
</testsuite> <!-- RestService.Test1 -->
